Build started 15-11-2022 03:59:05.
     1>Project "C:\Users\ASUS\OneDrive\Desktop\11_speech_based_captcha_solver\11_speech_based_captcha_solver\HMM_GUI_1\HMM_GUI_1.vcxproj" on node 2 (build target(s)).
     1>InitializeBuildStatus:
         Creating "Debug\HMM_GUI_1.unsuccessfulbuild" because "AlwaysCreate" was specified.
       GenerateTargetFrameworkMonikerAttribute:
       Skipping target "GenerateTargetFrameworkMonikerAttribute" because all output files are up-to-date with respect to the input files.
       ClCompile:
         c:\Program Files (x86)\Microsoft Visual Studio 10.0\VC\bin\CL.exe /c /AI"C:\Program Files (x86)\Reference Assemblies\Microsoft\Framework\.NETFramework\v4.0" /Zi /clr:pure /nologo /W3 /WX- /Od /Oy- /D WIN32 /D _DEBUG /D _UNICODE /D UNICODE /EHa /MDd /GS /fp:precise /Zc:wchar_t /Zc:forScope /Yc"StdAfx.h" /Fp"Debug\HMM_GUI_1.pch" /Fo"Debug\\" /Fd"Debug\vc100.pdb" /TP /FU"C:\Program Files (x86)\Reference Assemblies\Microsoft\Framework\.NETFramework\v4.0\System.Core.dll" /FU"C:\Program Files (x86)\Reference Assemblies\Microsoft\Framework\.NETFramework\v4.0\System.Data.dll" /FU"C:\Program Files (x86)\Reference Assemblies\Microsoft\Framework\.NETFramework\v4.0\System.dll" /FU"C:\Program Files (x86)\Reference Assemblies\Microsoft\Framework\.NETFramework\v4.0\System.Drawing.dll" /FU"C:\Program Files (x86)\Reference Assemblies\Microsoft\Framework\.NETFramework\v4.0\System.Windows.Forms.dll" /FU"C:\Program Files (x86)\Reference Assemblies\Microsoft\Framework\.NETFramework\v4.0\System.Xml.dll" /analyze- /errorReport:prompt stdafx.cpp /clr:nostdlib 
         stdafx.cpp
         c:\Program Files (x86)\Microsoft Visual Studio 10.0\VC\bin\CL.exe /c /AI"C:\Program Files (x86)\Reference Assemblies\Microsoft\Framework\.NETFramework\v4.0" /Zi /clr:pure /nologo /W3 /WX- /Od /Oy- /D WIN32 /D _DEBUG /D _UNICODE /D UNICODE /EHa /MDd /GS /fp:precise /Zc:wchar_t /Zc:forScope /Yu"StdAfx.h" /Fp"Debug\HMM_GUI_1.pch" /Fo"Debug\\" /Fd"Debug\vc100.pdb" /TP /FU"C:\Program Files (x86)\Reference Assemblies\Microsoft\Framework\.NETFramework\v4.0\System.Core.dll" /FU"C:\Program Files (x86)\Reference Assemblies\Microsoft\Framework\.NETFramework\v4.0\System.Data.dll" /FU"C:\Program Files (x86)\Reference Assemblies\Microsoft\Framework\.NETFramework\v4.0\System.dll" /FU"C:\Program Files (x86)\Reference Assemblies\Microsoft\Framework\.NETFramework\v4.0\System.Drawing.dll" /FU"C:\Program Files (x86)\Reference Assemblies\Microsoft\Framework\.NETFramework\v4.0\System.Windows.Forms.dll" /FU"C:\Program Files (x86)\Reference Assemblies\Microsoft\Framework\.NETFramework\v4.0\System.Xml.dll" /analyze- /errorReport:prompt AssemblyInfo.cpp HMM_GUI_1.cpp /clr:nostdlib 
         AssemblyInfo.cpp
         HMM_GUI_1.cpp
     1>c:\users\asus\onedrive\desktop\11_speech_based_captcha_solver\11_speech_based_captcha_solver\hmm_gui_1\hmm_header_file.h(52): warning C4996: 'fopen': This function or variable may be unsafe. Consider using fopen_s instead. To disable deprecation, use _CRT_SECURE_NO_WARNINGS. See online help for details.
                 c:\Program Files (x86)\Microsoft Visual Studio 10.0\VC\include\stdio.h(234) : see declaration of 'fopen'
     1>c:\users\asus\onedrive\desktop\11_speech_based_captcha_solver\11_speech_based_captcha_solver\hmm_gui_1\hmm_header_file.h(63): warning C4996: 'fscanf': This function or variable may be unsafe. Consider using fscanf_s instead. To disable deprecation, use _CRT_SECURE_NO_WARNINGS. See online help for details.
                 c:\Program Files (x86)\Microsoft Visual Studio 10.0\VC\include\stdio.h(253) : see declaration of 'fscanf'
     1>c:\users\asus\onedrive\desktop\11_speech_based_captcha_solver\11_speech_based_captcha_solver\hmm_gui_1\hmm_header_file.h(53): warning C4101: 'i' : unreferenced local variable
     1>c:\users\asus\onedrive\desktop\11_speech_based_captcha_solver\11_speech_based_captcha_solver\hmm_gui_1\hmm_header_file.h(53): warning C4101: 'j' : unreferenced local variable
     1>c:\users\asus\onedrive\desktop\11_speech_based_captcha_solver\11_speech_based_captcha_solver\hmm_gui_1\hmm_header_file.h(75): warning C4101: 'ptr' : unreferenced local variable
     1>c:\users\asus\onedrive\desktop\11_speech_based_captcha_solver\11_speech_based_captcha_solver\hmm_gui_1\hmm_header_file.h(147): warning C4996: 'fopen': This function or variable may be unsafe. Consider using fopen_s instead. To disable deprecation, use _CRT_SECURE_NO_WARNINGS. See online help for details.
                 c:\Program Files (x86)\Microsoft Visual Studio 10.0\VC\include\stdio.h(234) : see declaration of 'fopen'
     1>c:\users\asus\onedrive\desktop\11_speech_based_captcha_solver\11_speech_based_captcha_solver\hmm_gui_1\hmm_header_file.h(155): warning C4996: 'fscanf': This function or variable may be unsafe. Consider using fscanf_s instead. To disable deprecation, use _CRT_SECURE_NO_WARNINGS. See online help for details.
                 c:\Program Files (x86)\Microsoft Visual Studio 10.0\VC\include\stdio.h(253) : see declaration of 'fscanf'
     1>c:\users\asus\onedrive\desktop\11_speech_based_captcha_solver\11_speech_based_captcha_solver\hmm_gui_1\hmm_header_file.h(162): warning C4996: 'fopen': This function or variable may be unsafe. Consider using fopen_s instead. To disable deprecation, use _CRT_SECURE_NO_WARNINGS. See online help for details.
                 c:\Program Files (x86)\Microsoft Visual Studio 10.0\VC\include\stdio.h(234) : see declaration of 'fopen'
     1>c:\users\asus\onedrive\desktop\11_speech_based_captcha_solver\11_speech_based_captcha_solver\hmm_gui_1\hmm_header_file.h(170): warning C4996: 'fscanf': This function or variable may be unsafe. Consider using fscanf_s instead. To disable deprecation, use _CRT_SECURE_NO_WARNINGS. See online help for details.
                 c:\Program Files (x86)\Microsoft Visual Studio 10.0\VC\include\stdio.h(253) : see declaration of 'fscanf'
     1>c:\users\asus\onedrive\desktop\11_speech_based_captcha_solver\11_speech_based_captcha_solver\hmm_gui_1\hmm_header_file.h(183): warning C4996: 'sprintf': This function or variable may be unsafe. Consider using sprintf_s instead. To disable deprecation, use _CRT_SECURE_NO_WARNINGS. See online help for details.
                 c:\Program Files (x86)\Microsoft Visual Studio 10.0\VC\include\stdio.h(371) : see declaration of 'sprintf'
     1>c:\users\asus\onedrive\desktop\11_speech_based_captcha_solver\11_speech_based_captcha_solver\hmm_gui_1\hmm_header_file.h(185): warning C4996: 'fopen': This function or variable may be unsafe. Consider using fopen_s instead. To disable deprecation, use _CRT_SECURE_NO_WARNINGS. See online help for details.
                 c:\Program Files (x86)\Microsoft Visual Studio 10.0\VC\include\stdio.h(234) : see declaration of 'fopen'
     1>c:\users\asus\onedrive\desktop\11_speech_based_captcha_solver\11_speech_based_captcha_solver\hmm_gui_1\hmm_header_file.h(192): warning C4996: 'fscanf': This function or variable may be unsafe. Consider using fscanf_s instead. To disable deprecation, use _CRT_SECURE_NO_WARNINGS. See online help for details.
                 c:\Program Files (x86)\Microsoft Visual Studio 10.0\VC\include\stdio.h(253) : see declaration of 'fscanf'
     1>c:\users\asus\onedrive\desktop\11_speech_based_captcha_solver\11_speech_based_captcha_solver\hmm_gui_1\hmm_header_file.h(200): warning C4996: 'sprintf': This function or variable may be unsafe. Consider using sprintf_s instead. To disable deprecation, use _CRT_SECURE_NO_WARNINGS. See online help for details.
                 c:\Program Files (x86)\Microsoft Visual Studio 10.0\VC\include\stdio.h(371) : see declaration of 'sprintf'
     1>c:\users\asus\onedrive\desktop\11_speech_based_captcha_solver\11_speech_based_captcha_solver\hmm_gui_1\hmm_header_file.h(201): warning C4996: 'fopen': This function or variable may be unsafe. Consider using fopen_s instead. To disable deprecation, use _CRT_SECURE_NO_WARNINGS. See online help for details.
                 c:\Program Files (x86)\Microsoft Visual Studio 10.0\VC\include\stdio.h(234) : see declaration of 'fopen'
     1>c:\users\asus\onedrive\desktop\11_speech_based_captcha_solver\11_speech_based_captcha_solver\hmm_gui_1\hmm_header_file.h(209): warning C4996: 'fscanf': This function or variable may be unsafe. Consider using fscanf_s instead. To disable deprecation, use _CRT_SECURE_NO_WARNINGS. See online help for details.
                 c:\Program Files (x86)\Microsoft Visual Studio 10.0\VC\include\stdio.h(253) : see declaration of 'fscanf'
     1>c:\users\asus\onedrive\desktop\11_speech_based_captcha_solver\11_speech_based_captcha_solver\hmm_gui_1\hmm_header_file.h(304): warning C4101: 'ptr' : unreferenced local variable
     1>c:\users\asus\onedrive\desktop\11_speech_based_captcha_solver\11_speech_based_captcha_solver\hmm_gui_1\hmm_header_file.h(570): warning C4101: 'k' : unreferenced local variable
     1>c:\users\asus\onedrive\desktop\11_speech_based_captcha_solver\11_speech_based_captcha_solver\hmm_gui_1\hmm_header_file.h(688): warning C4996: 'sprintf': This function or variable may be unsafe. Consider using sprintf_s instead. To disable deprecation, use _CRT_SECURE_NO_WARNINGS. See online help for details.
                 c:\Program Files (x86)\Microsoft Visual Studio 10.0\VC\include\stdio.h(371) : see declaration of 'sprintf'
     1>c:\users\asus\onedrive\desktop\11_speech_based_captcha_solver\11_speech_based_captcha_solver\hmm_gui_1\hmm_header_file.h(690): warning C4996: 'fopen': This function or variable may be unsafe. Consider using fopen_s instead. To disable deprecation, use _CRT_SECURE_NO_WARNINGS. See online help for details.
                 c:\Program Files (x86)\Microsoft Visual Studio 10.0\VC\include\stdio.h(234) : see declaration of 'fopen'
     1>c:\users\asus\onedrive\desktop\11_speech_based_captcha_solver\11_speech_based_captcha_solver\hmm_gui_1\hmm_header_file.h(706): warning C4996: 'sprintf': This function or variable may be unsafe. Consider using sprintf_s instead. To disable deprecation, use _CRT_SECURE_NO_WARNINGS. See online help for details.
                 c:\Program Files (x86)\Microsoft Visual Studio 10.0\VC\include\stdio.h(371) : see declaration of 'sprintf'
     1>c:\users\asus\onedrive\desktop\11_speech_based_captcha_solver\11_speech_based_captcha_solver\hmm_gui_1\hmm_header_file.h(707): warning C4996: 'fopen': This function or variable may be unsafe. Consider using fopen_s instead. To disable deprecation, use _CRT_SECURE_NO_WARNINGS. See online help for details.
                 c:\Program Files (x86)\Microsoft Visual Studio 10.0\VC\include\stdio.h(234) : see declaration of 'fopen'
     1>c:\users\asus\onedrive\desktop\11_speech_based_captcha_solver\11_speech_based_captcha_solver\hmm_gui_1\hmm_header_file.h(687): warning C4101: 'ptr' : unreferenced local variable
     1>c:\users\asus\onedrive\desktop\11_speech_based_captcha_solver\11_speech_based_captcha_solver\hmm_gui_1\hmm_header_file.h(859): warning C4996: 'sprintf': This function or variable may be unsafe. Consider using sprintf_s instead. To disable deprecation, use _CRT_SECURE_NO_WARNINGS. See online help for details.
                 c:\Program Files (x86)\Microsoft Visual Studio 10.0\VC\include\stdio.h(371) : see declaration of 'sprintf'
     1>c:\users\asus\onedrive\desktop\11_speech_based_captcha_solver\11_speech_based_captcha_solver\hmm_gui_1\hmm_header_file.h(861): warning C4996: 'fopen': This function or variable may be unsafe. Consider using fopen_s instead. To disable deprecation, use _CRT_SECURE_NO_WARNINGS. See online help for details.
                 c:\Program Files (x86)\Microsoft Visual Studio 10.0\VC\include\stdio.h(234) : see declaration of 'fopen'
     1>c:\users\asus\onedrive\desktop\11_speech_based_captcha_solver\11_speech_based_captcha_solver\hmm_gui_1\hmm_header_file.h(867): warning C4996: 'fscanf': This function or variable may be unsafe. Consider using fscanf_s instead. To disable deprecation, use _CRT_SECURE_NO_WARNINGS. See online help for details.
                 c:\Program Files (x86)\Microsoft Visual Studio 10.0\VC\include\stdio.h(253) : see declaration of 'fscanf'
     1>c:\users\asus\onedrive\desktop\11_speech_based_captcha_solver\11_speech_based_captcha_solver\hmm_gui_1\hmm_header_file.h(1011): warning C4996: 'sprintf': This function or variable may be unsafe. Consider using sprintf_s instead. To disable deprecation, use _CRT_SECURE_NO_WARNINGS. See online help for details.
                 c:\Program Files (x86)\Microsoft Visual Studio 10.0\VC\include\stdio.h(371) : see declaration of 'sprintf'
     1>c:\users\asus\onedrive\desktop\11_speech_based_captcha_solver\11_speech_based_captcha_solver\hmm_gui_1\hmm_header_file.h(1013): warning C4996: 'fopen': This function or variable may be unsafe. Consider using fopen_s instead. To disable deprecation, use _CRT_SECURE_NO_WARNINGS. See online help for details.
                 c:\Program Files (x86)\Microsoft Visual Studio 10.0\VC\include\stdio.h(234) : see declaration of 'fopen'
     1>c:\users\asus\onedrive\desktop\11_speech_based_captcha_solver\11_speech_based_captcha_solver\hmm_gui_1\hmm_header_file.h(1017): warning C4996: 'fscanf': This function or variable may be unsafe. Consider using fscanf_s instead. To disable deprecation, use _CRT_SECURE_NO_WARNINGS. See online help for details.
                 c:\Program Files (x86)\Microsoft Visual Studio 10.0\VC\include\stdio.h(253) : see declaration of 'fscanf'
     1>c:\users\asus\onedrive\desktop\11_speech_based_captcha_solver\11_speech_based_captcha_solver\hmm_gui_1\hmm_header_file.h(1055): warning C4258: 'i' : definition from the for loop is ignored; the definition from the enclosing scope is used
                 c:\users\asus\onedrive\desktop\11_speech_based_captcha_solver\11_speech_based_captcha_solver\hmm_gui_1\hmm_header_file.h(1027) : definition of 'i' ignored
                 c:\users\asus\onedrive\desktop\11_speech_based_captcha_solver\11_speech_based_captcha_solver\hmm_gui_1\hmm_header_file.h(1003) : definition of 'i' used
     1>c:\users\asus\onedrive\desktop\11_speech_based_captcha_solver\11_speech_based_captcha_solver\hmm_gui_1\hmm_header_file.h(1087): warning C4996: 'sprintf': This function or variable may be unsafe. Consider using sprintf_s instead. To disable deprecation, use _CRT_SECURE_NO_WARNINGS. See online help for details.
                 c:\Program Files (x86)\Microsoft Visual Studio 10.0\VC\include\stdio.h(371) : see declaration of 'sprintf'
     1>c:\users\asus\onedrive\desktop\11_speech_based_captcha_solver\11_speech_based_captcha_solver\hmm_gui_1\hmm_header_file.h(1089): warning C4996: 'fopen': This function or variable may be unsafe. Consider using fopen_s instead. To disable deprecation, use _CRT_SECURE_NO_WARNINGS. See online help for details.
                 c:\Program Files (x86)\Microsoft Visual Studio 10.0\VC\include\stdio.h(234) : see declaration of 'fopen'
     1>c:\users\asus\onedrive\desktop\11_speech_based_captcha_solver\11_speech_based_captcha_solver\hmm_gui_1\hmm_header_file.h(1092): warning C4996: 'fscanf': This function or variable may be unsafe. Consider using fscanf_s instead. To disable deprecation, use _CRT_SECURE_NO_WARNINGS. See online help for details.
                 c:\Program Files (x86)\Microsoft Visual Studio 10.0\VC\include\stdio.h(253) : see declaration of 'fscanf'
     1>c:\users\asus\onedrive\desktop\11_speech_based_captcha_solver\11_speech_based_captcha_solver\hmm_gui_1\hmm_header_file.h(1128): warning C4258: 'i' : definition from the for loop is ignored; the definition from the enclosing scope is used
                 c:\users\asus\onedrive\desktop\11_speech_based_captcha_solver\11_speech_based_captcha_solver\hmm_gui_1\hmm_header_file.h(1103) : definition of 'i' ignored
                 c:\users\asus\onedrive\desktop\11_speech_based_captcha_solver\11_speech_based_captcha_solver\hmm_gui_1\hmm_header_file.h(1079) : definition of 'i' used
     1>c:\users\asus\onedrive\desktop\11_speech_based_captcha_solver\11_speech_based_captcha_solver\hmm_gui_1\hmm_header_file.h(1155): warning C4996: 'fopen': This function or variable may be unsafe. Consider using fopen_s instead. To disable deprecation, use _CRT_SECURE_NO_WARNINGS. See online help for details.
                 c:\Program Files (x86)\Microsoft Visual Studio 10.0\VC\include\stdio.h(234) : see declaration of 'fopen'
     1>c:\users\asus\onedrive\desktop\11_speech_based_captcha_solver\11_speech_based_captcha_solver\hmm_gui_1\hmm_header_file.h(1161): warning C4996: 'fscanf': This function or variable may be unsafe. Consider using fscanf_s instead. To disable deprecation, use _CRT_SECURE_NO_WARNINGS. See online help for details.
                 c:\Program Files (x86)\Microsoft Visual Studio 10.0\VC\include\stdio.h(253) : see declaration of 'fscanf'
     1>c:\users\asus\onedrive\desktop\11_speech_based_captcha_solver\11_speech_based_captcha_solver\hmm_gui_1\hmm_header_file.h(1229): warning C4101: 'ptr' : unreferenced local variable
         Generating Code...
         All outputs are up-to-date.
       CoreResGen:
         No resources are out of date with respect to their source files. Skipping resource generation.
       ResourceCompile:
         C:\Program Files (x86)\Microsoft SDKs\Windows\v7.0A\bin\rc.exe /D _UNICODE /D UNICODE /l"0x0409" /nologo /fo"Debug\app.res" app.rc 
       Link:
         c:\Program Files (x86)\Microsoft Visual Studio 10.0\VC\bin\link.exe /ERRORREPORT:PROMPT /OUT:"C:\Users\ASUS\OneDrive\Desktop\11_speech_based_captcha_solver\11_speech_based_captcha_solver\Debug\HMM_GUI_1.exe" /INCREMENTAL /NOLOGO /ASSEMBLYRESOURCE:Debug\HMM_GUI_1.Form1.resources /MANIFEST /ManifestFile:"Debug\HMM_GUI_1.exe.intermediate.manifest" /MANIFESTUAC:"level='asInvoker' uiAccess='false'" /DEBUG /PDB:"C:\Users\ASUS\OneDrive\Desktop\11_speech_based_captcha_solver\11_speech_based_captcha_solver\Debug\HMM_GUI_1.pdb" /ASSEMBLYDEBUG /SUBSYSTEM:WINDOWS /TLBID:1 /ENTRY:"main" /DYNAMICBASE /FIXED:NO /NXCOMPAT /MACHINE:X86 Debug\app.res
         Debug\AssemblyInfo.obj
         Debug\HMM_GUI_1.obj
         Debug\stdafx.obj
         "Debug\.NETFramework,Version=v4.0.AssemblyAttributes.obj"
         HMM_GUI_1.vcxproj -> C:\Users\ASUS\OneDrive\Desktop\11_speech_based_captcha_solver\11_speech_based_captcha_solver\Debug\HMM_GUI_1.exe
       Manifest:
         C:\Program Files (x86)\Microsoft SDKs\Windows\v7.0A\bin\mt.exe /nologo /verbose /outputresource:"C:\Users\ASUS\OneDrive\Desktop\11_speech_based_captcha_solver\11_speech_based_captcha_solver\Debug\HMM_GUI_1.exe;#1" /manifest Debug\HMM_GUI_1.exe.intermediate.manifest
       FinalizeBuildStatus:
         Deleting file "Debug\HMM_GUI_1.unsuccessfulbuild".
         Touching "Debug\HMM_GUI_1.lastbuildstate".
     1>Done Building Project "C:\Users\ASUS\OneDrive\Desktop\11_speech_based_captcha_solver\11_speech_based_captcha_solver\HMM_GUI_1\HMM_GUI_1.vcxproj" (build target(s)).

Build succeeded.

Time Elapsed 00:00:01.95
